Determining if the Q_WS_WIN exist failed with the following output:
Change Dir: /build/kiss-script/pcompiler/build/CMakeFiles/CMakeTmp

Run Build Command:/usr/bin/make "cmTryCompileExec479433998/fast"
/usr/bin/make -f CMakeFiles/cmTryCompileExec479433998.dir/build.make CMakeFiles/cmTryCompileExec479433998.dir/build
make[1]: Entering directory `/build/kiss-script/pcompiler/build/CMakeFiles/CMakeTmp'
/usr/bin/cmake -E cmake_progress_report /build/kiss-script/pcompiler/build/CMakeFiles/CMakeTmp/CMakeFiles 1
Building CXX object CMakeFiles/cmTryCompileExec479433998.dir/CheckSymbolExists.cxx.o
/usr/bin/c++    -I/usr/include/qt4    -o CMakeFiles/cmTryCompileExec479433998.dir/CheckSymbolExists.cxx.o -c /build/kiss-script/pcompiler/build/CMakeFiles/CMakeTmp/CheckSymbolExists.cxx
/build/kiss-script/pcompiler/build/CMakeFiles/CMakeTmp/CheckSymbolExists.cxx: In function ‘int main(int, char**)’:
/build/kiss-script/pcompiler/build/CMakeFiles/CMakeTmp/CheckSymbolExists.cxx:8:19: error: ‘Q_WS_WIN’ was not declared in this scope
   return ((int*)(&Q_WS_WIN))[argc];
                   ^
make[1]: *** [CMakeFiles/cmTryCompileExec479433998.dir/CheckSymbolExists.cxx.o] Error 1
make[1]: Leaving directory `/build/kiss-script/pcompiler/build/CMakeFiles/CMakeTmp'
make: *** [cmTryCompileExec479433998/fast] Error 2

File /build/kiss-script/pcompiler/build/CMakeFiles/CMakeTmp/CheckSymbolExists.cxx:
/* */
#include <QtCore/qglobal.h>

int main(int argc, char** argv)
{
  (void)argv;
#ifndef Q_WS_WIN
  return ((int*)(&Q_WS_WIN))[argc];
#else
  (void)argc;
  return 0;
#endif
}

Determining if the Q_WS_QWS exist failed with the following output:
Change Dir: /build/kiss-script/pcompiler/build/CMakeFiles/CMakeTmp

Run Build Command:/usr/bin/make "cmTryCompileExec1039929988/fast"
/usr/bin/make -f CMakeFiles/cmTryCompileExec1039929988.dir/build.make CMakeFiles/cmTryCompileExec1039929988.dir/build
make[1]: Entering directory `/build/kiss-script/pcompiler/build/CMakeFiles/CMakeTmp'
/usr/bin/cmake -E cmake_progress_report /build/kiss-script/pcompiler/build/CMakeFiles/CMakeTmp/CMakeFiles 1
Building CXX object CMakeFiles/cmTryCompileExec1039929988.dir/CheckSymbolExists.cxx.o
/usr/bin/c++    -I/usr/include/qt4    -o CMakeFiles/cmTryCompileExec1039929988.dir/CheckSymbolExists.cxx.o -c /build/kiss-script/pcompiler/build/CMakeFiles/CMakeTmp/CheckSymbolExists.cxx
/build/kiss-script/pcompiler/build/CMakeFiles/CMakeTmp/CheckSymbolExists.cxx: In function ‘int main(int, char**)’:
/build/kiss-script/pcompiler/build/CMakeFiles/CMakeTmp/CheckSymbolExists.cxx:8:19: error: ‘Q_WS_QWS’ was not declared in this scope
   return ((int*)(&Q_WS_QWS))[argc];
                   ^
make[1]: *** [CMakeFiles/cmTryCompileExec1039929988.dir/CheckSymbolExists.cxx.o] Error 1
make[1]: Leaving directory `/build/kiss-script/pcompiler/build/CMakeFiles/CMakeTmp'
make: *** [cmTryCompileExec1039929988/fast] Error 2

File /build/kiss-script/pcompiler/build/CMakeFiles/CMakeTmp/CheckSymbolExists.cxx:
/* */
#include <QtCore/qglobal.h>

int main(int argc, char** argv)
{
  (void)argv;
#ifndef Q_WS_QWS
  return ((int*)(&Q_WS_QWS))[argc];
#else
  (void)argc;
  return 0;
#endif
}

Determining if the Q_WS_MAC exist failed with the following output:
Change Dir: /build/kiss-script/pcompiler/build/CMakeFiles/CMakeTmp

Run Build Command:/usr/bin/make "cmTryCompileExec2649387516/fast"
/usr/bin/make -f CMakeFiles/cmTryCompileExec2649387516.dir/build.make CMakeFiles/cmTryCompileExec2649387516.dir/build
make[1]: Entering directory `/build/kiss-script/pcompiler/build/CMakeFiles/CMakeTmp'
/usr/bin/cmake -E cmake_progress_report /build/kiss-script/pcompiler/build/CMakeFiles/CMakeTmp/CMakeFiles 1
Building CXX object CMakeFiles/cmTryCompileExec2649387516.dir/CheckSymbolExists.cxx.o
/usr/bin/c++    -I/usr/include/qt4    -o CMakeFiles/cmTryCompileExec2649387516.dir/CheckSymbolExists.cxx.o -c /build/kiss-script/pcompiler/build/CMakeFiles/CMakeTmp/CheckSymbolExists.cxx
/build/kiss-script/pcompiler/build/CMakeFiles/CMakeTmp/CheckSymbolExists.cxx: In function ‘int main(int, char**)’:
/build/kiss-script/pcompiler/build/CMakeFiles/CMakeTmp/CheckSymbolExists.cxx:8:19: error: ‘Q_WS_MAC’ was not declared in this scope
   return ((int*)(&Q_WS_MAC))[argc];
                   ^
make[1]: *** [CMakeFiles/cmTryCompileExec2649387516.dir/CheckSymbolExists.cxx.o] Error 1
make[1]: Leaving directory `/build/kiss-script/pcompiler/build/CMakeFiles/CMakeTmp'
make: *** [cmTryCompileExec2649387516/fast] Error 2

File /build/kiss-script/pcompiler/build/CMakeFiles/CMakeTmp/CheckSymbolExists.cxx:
/* */
#include <QtCore/qglobal.h>

int main(int argc, char** argv)
{
  (void)argv;
#ifndef Q_WS_MAC
  return ((int*)(&Q_WS_MAC))[argc];
#else
  (void)argc;
  return 0;
#endif
}

