Determining if the Q_WS_WIN exist failed with the following output:
Change Dir: /build/kiss-script/libkar/build/CMakeFiles/CMakeTmp

Run Build Command:/usr/bin/make "cmTryCompileExec768811298/fast"
/usr/bin/make -f CMakeFiles/cmTryCompileExec768811298.dir/build.make CMakeFiles/cmTryCompileExec768811298.dir/build
make[1]: Entering directory `/build/kiss-script/libkar/build/CMakeFiles/CMakeTmp'
/usr/bin/cmake -E cmake_progress_report /build/kiss-script/libkar/build/CMakeFiles/CMakeTmp/CMakeFiles 1
Building CXX object CMakeFiles/cmTryCompileExec768811298.dir/CheckSymbolExists.cxx.o
/usr/bin/c++    -I/usr/include/qt4    -o CMakeFiles/cmTryCompileExec768811298.dir/CheckSymbolExists.cxx.o -c /build/kiss-script/libkar/build/CMakeFiles/CMakeTmp/CheckSymbolExists.cxx
/build/kiss-script/libkar/build/CMakeFiles/CMakeTmp/CheckSymbolExists.cxx: In function ‘int main(int, char**)’:
/build/kiss-script/libkar/build/CMakeFiles/CMakeTmp/CheckSymbolExists.cxx:8:19: error: ‘Q_WS_WIN’ was not declared in this scope
make[1]: *** [CMakeFiles/cmTryCompileExec768811298.dir/CheckSymbolExists.cxx.o] Error 1
make[1]: Leaving directory `/build/kiss-script/libkar/build/CMakeFiles/CMakeTmp'
make: *** [cmTryCompileExec768811298/fast] Error 2

File /build/kiss-script/libkar/build/CMakeFiles/CMakeTmp/CheckSymbolExists.cxx:
/* */
#include <QtCore/qglobal.h>

int main(int argc, char** argv)
{
  (void)argv;
#ifndef Q_WS_WIN
  return ((int*)(&Q_WS_WIN))[argc];
#else
  (void)argc;
  return 0;
#endif
}

Determining if the Q_WS_QWS exist failed with the following output:
Change Dir: /build/kiss-script/libkar/build/CMakeFiles/CMakeTmp

Run Build Command:/usr/bin/make "cmTryCompileExec943792693/fast"
/usr/bin/make -f CMakeFiles/cmTryCompileExec943792693.dir/build.make CMakeFiles/cmTryCompileExec943792693.dir/build
make[1]: Entering directory `/build/kiss-script/libkar/build/CMakeFiles/CMakeTmp'
/usr/bin/cmake -E cmake_progress_report /build/kiss-script/libkar/build/CMakeFiles/CMakeTmp/CMakeFiles 1
Building CXX object CMakeFiles/cmTryCompileExec943792693.dir/CheckSymbolExists.cxx.o
/usr/bin/c++    -I/usr/include/qt4    -o CMakeFiles/cmTryCompileExec943792693.dir/CheckSymbolExists.cxx.o -c /build/kiss-script/libkar/build/CMakeFiles/CMakeTmp/CheckSymbolExists.cxx
/build/kiss-script/libkar/build/CMakeFiles/CMakeTmp/CheckSymbolExists.cxx: In function ‘int main(int, char**)’:
/build/kiss-script/libkar/build/CMakeFiles/CMakeTmp/CheckSymbolExists.cxx:8:19: error: ‘Q_WS_QWS’ was not declared in this scope
make[1]: *** [CMakeFiles/cmTryCompileExec943792693.dir/CheckSymbolExists.cxx.o] Error 1
make[1]: Leaving directory `/build/kiss-script/libkar/build/CMakeFiles/CMakeTmp'
make: *** [cmTryCompileExec943792693/fast] Error 2

File /build/kiss-script/libkar/build/CMakeFiles/CMakeTmp/CheckSymbolExists.cxx:
/* */
#include <QtCore/qglobal.h>

int main(int argc, char** argv)
{
  (void)argv;
#ifndef Q_WS_QWS
  return ((int*)(&Q_WS_QWS))[argc];
#else
  (void)argc;
  return 0;
#endif
}

Determining if the Q_WS_MAC exist failed with the following output:
Change Dir: /build/kiss-script/libkar/build/CMakeFiles/CMakeTmp

Run Build Command:/usr/bin/make "cmTryCompileExec4145560678/fast"
/usr/bin/make -f CMakeFiles/cmTryCompileExec4145560678.dir/build.make CMakeFiles/cmTryCompileExec4145560678.dir/build
make[1]: Entering directory `/build/kiss-script/libkar/build/CMakeFiles/CMakeTmp'
/usr/bin/cmake -E cmake_progress_report /build/kiss-script/libkar/build/CMakeFiles/CMakeTmp/CMakeFiles 1
Building CXX object CMakeFiles/cmTryCompileExec4145560678.dir/CheckSymbolExists.cxx.o
/usr/bin/c++    -I/usr/include/qt4    -o CMakeFiles/cmTryCompileExec4145560678.dir/CheckSymbolExists.cxx.o -c /build/kiss-script/libkar/build/CMakeFiles/CMakeTmp/CheckSymbolExists.cxx
/build/kiss-script/libkar/build/CMakeFiles/CMakeTmp/CheckSymbolExists.cxx: In function ‘int main(int, char**)’:
/build/kiss-script/libkar/build/CMakeFiles/CMakeTmp/CheckSymbolExists.cxx:8:19: error: ‘Q_WS_MAC’ was not declared in this scope
make[1]: Leaving directory `/build/kiss-script/libkar/build/CMakeFiles/CMakeTmp'
make[1]: *** [CMakeFiles/cmTryCompileExec4145560678.dir/CheckSymbolExists.cxx.o] Error 1
make: *** [cmTryCompileExec4145560678/fast] Error 2

File /build/kiss-script/libkar/build/CMakeFiles/CMakeTmp/CheckSymbolExists.cxx:
/* */
#include <QtCore/qglobal.h>

int main(int argc, char** argv)
{
  (void)argv;
#ifndef Q_WS_MAC
  return ((int*)(&Q_WS_MAC))[argc];
#else
  (void)argc;
  return 0;
#endif
}

