Determining if the Q_WS_WIN exist failed with the following output:
Change Dir: /build/kiss-script/ks2/build/CMakeFiles/CMakeTmp

Run Build Command:/usr/bin/make "cmTryCompileExec2283972600/fast"
/usr/bin/make -f CMakeFiles/cmTryCompileExec2283972600.dir/build.make CMakeFiles/cmTryCompileExec2283972600.dir/build
make[1]: Entering directory `/build/kiss-script/ks2/build/CMakeFiles/CMakeTmp'
/usr/bin/cmake -E cmake_progress_report /build/kiss-script/ks2/build/CMakeFiles/CMakeTmp/CMakeFiles 1
Building CXX object CMakeFiles/cmTryCompileExec2283972600.dir/CheckSymbolExists.cxx.o
/usr/bin/c++    -I/usr/include/qt4    -o CMakeFiles/cmTryCompileExec2283972600.dir/CheckSymbolExists.cxx.o -c /build/kiss-script/ks2/build/CMakeFiles/CMakeTmp/CheckSymbolExists.cxx
/build/kiss-script/ks2/build/CMakeFiles/CMakeTmp/CheckSymbolExists.cxx: In function ‘int main(int, char**)’:
/build/kiss-script/ks2/build/CMakeFiles/CMakeTmp/CheckSymbolExists.cxx:8:19: error: ‘Q_WS_WIN’ was not declared in this scope
make[1]: *** [CMakeFiles/cmTryCompileExec2283972600.dir/CheckSymbolExists.cxx.o] Error 1
make[1]: Leaving directory `/build/kiss-script/ks2/build/CMakeFiles/CMakeTmp'
make: *** [cmTryCompileExec2283972600/fast] Error 2

File /build/kiss-script/ks2/build/CMakeFiles/CMakeTmp/CheckSymbolExists.cxx:
/* */
#include <QtCore/qglobal.h>

int main(int argc, char** argv)
{
  (void)argv;
#ifndef Q_WS_WIN
  return ((int*)(&Q_WS_WIN))[argc];
#else
  (void)argc;
  return 0;
#endif
}

Determining if the Q_WS_QWS exist failed with the following output:
Change Dir: /build/kiss-script/ks2/build/CMakeFiles/CMakeTmp

Run Build Command:/usr/bin/make "cmTryCompileExec2262088888/fast"
/usr/bin/make -f CMakeFiles/cmTryCompileExec2262088888.dir/build.make CMakeFiles/cmTryCompileExec2262088888.dir/build
make[1]: Entering directory `/build/kiss-script/ks2/build/CMakeFiles/CMakeTmp'
/usr/bin/cmake -E cmake_progress_report /build/kiss-script/ks2/build/CMakeFiles/CMakeTmp/CMakeFiles 1
Building CXX object CMakeFiles/cmTryCompileExec2262088888.dir/CheckSymbolExists.cxx.o
/usr/bin/c++    -I/usr/include/qt4    -o CMakeFiles/cmTryCompileExec2262088888.dir/CheckSymbolExists.cxx.o -c /build/kiss-script/ks2/build/CMakeFiles/CMakeTmp/CheckSymbolExists.cxx
/build/kiss-script/ks2/build/CMakeFiles/CMakeTmp/CheckSymbolExists.cxx: In function ‘int main(int, char**)’:
/build/kiss-script/ks2/build/CMakeFiles/CMakeTmp/CheckSymbolExists.cxx:8:19: error: ‘Q_WS_QWS’ was not declared in this scope
make[1]: Leaving directory `/build/kiss-script/ks2/build/CMakeFiles/CMakeTmp'
make[1]: *** [CMakeFiles/cmTryCompileExec2262088888.dir/CheckSymbolExists.cxx.o] Error 1
make: *** [cmTryCompileExec2262088888/fast] Error 2

File /build/kiss-script/ks2/build/CMakeFiles/CMakeTmp/CheckSymbolExists.cxx:
/* */
#include <QtCore/qglobal.h>

int main(int argc, char** argv)
{
  (void)argv;
#ifndef Q_WS_QWS
  return ((int*)(&Q_WS_QWS))[argc];
#else
  (void)argc;
  return 0;
#endif
}

Determining if the Q_WS_MAC exist failed with the following output:
Change Dir: /build/kiss-script/ks2/build/CMakeFiles/CMakeTmp

Run Build Command:/usr/bin/make "cmTryCompileExec3783650143/fast"
/usr/bin/make -f CMakeFiles/cmTryCompileExec3783650143.dir/build.make CMakeFiles/cmTryCompileExec3783650143.dir/build
make[1]: Entering directory `/build/kiss-script/ks2/build/CMakeFiles/CMakeTmp'
/usr/bin/cmake -E cmake_progress_report /build/kiss-script/ks2/build/CMakeFiles/CMakeTmp/CMakeFiles 1
Building CXX object CMakeFiles/cmTryCompileExec3783650143.dir/CheckSymbolExists.cxx.o
/usr/bin/c++    -I/usr/include/qt4    -o CMakeFiles/cmTryCompileExec3783650143.dir/CheckSymbolExists.cxx.o -c /build/kiss-script/ks2/build/CMakeFiles/CMakeTmp/CheckSymbolExists.cxx
/build/kiss-script/ks2/build/CMakeFiles/CMakeTmp/CheckSymbolExists.cxx: In function ‘int main(int, char**)’:
/build/kiss-script/ks2/build/CMakeFiles/CMakeTmp/CheckSymbolExists.cxx:8:19: error: ‘Q_WS_MAC’ was not declared in this scope
make[1]: *** [CMakeFiles/cmTryCompileExec3783650143.dir/CheckSymbolExists.cxx.o] Error 1
make[1]: Leaving directory `/build/kiss-script/ks2/build/CMakeFiles/CMakeTmp'
make: *** [cmTryCompileExec3783650143/fast] Error 2

File /build/kiss-script/ks2/build/CMakeFiles/CMakeTmp/CheckSymbolExists.cxx:
/* */
#include <QtCore/qglobal.h>

int main(int argc, char** argv)
{
  (void)argv;
#ifndef Q_WS_MAC
  return ((int*)(&Q_WS_MAC))[argc];
#else
  (void)argc;
  return 0;
#endif
}

